[2023/12/22 15:44:24][INFO][][0] 工作路径已切换到 C:\Users\20831\Desktop\rpa\novel-rpa\
[2023/12/22 15:44:24][INFO][main.prj][0] 流程 main.prj 开始运行
[2023/12/22 15:44:24][INFO][main.prj][0] 进入流程块“小说搜索”
[2023/12/22 15:44:24][INFO][noval_search.task][3] -------开始----------
[2023/12/22 15:44:31][INFO][noval_search.task][9] 对小说名进行搜索并判断是否在小说详情页
[2023/12/22 15:44:32][INFO][noval_search.task][13] 小说详情页直接点击
[2023/12/22 15:44:32][INFO][main.prj][0] 进入流程块“小说章节”
[2023/12/22 15:44:34][INFO][noval_chapter.task][3] 等待页面加载完毕
[2023/12/22 15:44:34][INFO][noval_chapter.task][5] 获取小说章节
[2023/12/22 15:45:43][INFO][noval_chapter.task][29] 判断有无小说内容并保存到数据库
[2023/12/22 15:46:50][INFO][noval_chapter.task][29] 判断有无小说内容并保存到数据库
[2023/12/22 15:47:57][INFO][noval_chapter.task][29] 判断有无小说内容并保存到数据库
[2023/12/22 15:49:05][INFO][noval_chapter.task][29] 判断有无小说内容并保存到数据库
[2023/12/22 15:50:13][INFO][noval_chapter.task][29] 判断有无小说内容并保存到数据库
[2023/12/22 15:51:25][INFO][noval_chapter.task][29] 判断有无小说内容并保存到数据库
[2023/12/22 15:52:33][INFO][noval_chapter.task][29] 判断有无小说内容并保存到数据库
[2023/12/22 15:53:44][INFO][noval_chapter.task][29] 判断有无小说内容并保存到数据库
[2023/12/22 15:54:52][INFO][noval_chapter.task][29] 判断有无小说内容并保存到数据库
[2023/12/22 15:56:01][INFO][noval_chapter.task][29] 判断有无小说内容并保存到数据库
[2023/12/22 15:57:09][INFO][noval_chapter.task][29] 判断有无小说内容并保存到数据库
[2023/12/22 15:58:17][INFO][noval_chapter.task][29] 判断有无小说内容并保存到数据库
[2023/12/22 15:59:25][INFO][noval_chapter.task][29] 判断有无小说内容并保存到数据库
[2023/12/22 16:00:35][INFO][noval_chapter.task][29] 判断有无小说内容并保存到数据库
[2023/12/22 16:01:43][INFO][noval_chapter.task][29] 判断有无小说内容并保存到数据库
[2023/12/22 16:02:52][INFO][noval_chapter.task][29] 判断有无小说内容并保存到数据库
[2023/12/22 16:04:01][INFO][noval_chapter.task][29] 判断有无小说内容并保存到数据库
[2023/12/22 16:05:10][INFO][noval_chapter.task][29] 判断有无小说内容并保存到数据库
[2023/12/22 16:06:19][INFO][noval_chapter.task][29] 判断有无小说内容并保存到数据库
[2023/12/22 16:07:29][INFO][noval_chapter.task][29] 判断有无小说内容并保存到数据库
[2023/12/22 16:08:36][INFO][noval_chapter.task][29] 判断有无小说内容并保存到数据库
[2023/12/22 16:09:44][INFO][noval_chapter.task][29] 判断有无小说内容并保存到数据库
[2023/12/22 16:10:53][INFO][noval_chapter.task][29] 判断有无小说内容并保存到数据库
[2023/12/22 16:12:00][INFO][noval_chapter.task][29] 判断有无小说内容并保存到数据库
[2023/12/22 16:13:08][INFO][noval_chapter.task][29] 判断有无小说内容并保存到数据库
[2023/12/22 16:14:17][INFO][noval_chapter.task][29] 判断有无小说内容并保存到数据库
[2023/12/22 16:15:25][INFO][noval_chapter.task][29] 判断有无小说内容并保存到数据库
[2023/12/22 16:16:33][INFO][noval_chapter.task][29] 判断有无小说内容并保存到数据库
[2023/12/22 16:17:41][INFO][noval_chapter.task][29] 判断有无小说内容并保存到数据库
[2023/12/22 16:18:49][INFO][noval_chapter.task][29] 判断有无小说内容并保存到数据库
[2023/12/22 16:19:57][INFO][noval_chapter.task][29] 判断有无小说内容并保存到数据库
[2023/12/22 16:21:05][INFO][noval_chapter.task][29] 判断有无小说内容并保存到数据库
[2023/12/22 16:22:14][INFO][noval_chapter.task][29] 判断有无小说内容并保存到数据库
[2023/12/22 16:23:23][INFO][noval_chapter.task][29] 判断有无小说内容并保存到数据库
[2023/12/22 16:24:31][INFO][noval_chapter.task][29] 判断有无小说内容并保存到数据库
[2023/12/22 16:25:40][INFO][noval_chapter.task][29] 判断有无小说内容并保存到数据库
[2023/12/22 16:26:50][INFO][noval_chapter.task][29] 判断有无小说内容并保存到数据库
[2023/12/22 16:28:00][INFO][noval_chapter.task][29] 判断有无小说内容并保存到数据库
[2023/12/22 16:29:09][INFO][noval_chapter.task][29] 判断有无小说内容并保存到数据库
[2023/12/22 16:29:09][ERROR][noval_chapter.task][31] 运行发生错误，流程中止
错误信息如下：
noval_chapter.task 第31行：模块 Database.ExecuteBatchSQL 命令出错：ExecuteBatchSQL 异常：
(1406, "Data too long for column 'content' at row 16")
[2023/12/22 16:29:09][INFO][main.prj][0] C:\Users\20831\Desktop\rpa\novel-rpa\main.prj 运行已结束
