[2023/12/22 11:53:41][INFO][][0] 工作路径已切换到 C:\Users\20831\Desktop\rpa\novel-rpa\
[2023/12/22 11:53:41][INFO][main.prj][0] 流程 main.prj 开始运行
[2023/12/22 11:53:41][INFO][main.prj][0] 进入流程块“小说搜索”
[2023/12/22 11:53:41][INFO][noval_search.task][3] -------开始----------
[2023/12/22 11:53:53][INFO][noval_search.task][9] 对小说名进行搜索并判断是否在小说详情页
[2023/12/22 11:53:56][INFO][noval_search.task][28] 小说列表页先进行名称判断然后进行页面访问
[2023/12/22 11:53:56][INFO][main.prj][0] 进入流程块“小说章节”
[2023/12/22 11:53:58][INFO][noval_chapter.task][3] 等待页面加载完毕
[2023/12/22 11:53:58][INFO][noval_chapter.task][5] 获取小说章节
[2023/12/22 11:55:03][INFO][noval_chapter.task][28] 判断有无小说内容并保存到数据库
[2023/12/22 11:56:10][INFO][noval_chapter.task][28] 判断有无小说内容并保存到数据库
[2023/12/22 11:57:17][INFO][noval_chapter.task][28] 判断有无小说内容并保存到数据库
[2023/12/22 11:58:23][INFO][noval_chapter.task][28] 判断有无小说内容并保存到数据库
[2023/12/22 11:59:30][INFO][noval_chapter.task][28] 判断有无小说内容并保存到数据库
[2023/12/22 12:00:40][INFO][noval_chapter.task][28] 判断有无小说内容并保存到数据库
[2023/12/22 12:01:49][INFO][noval_chapter.task][28] 判断有无小说内容并保存到数据库
[2023/12/22 12:02:57][INFO][noval_chapter.task][28] 判断有无小说内容并保存到数据库
[2023/12/22 12:04:06][INFO][noval_chapter.task][28] 判断有无小说内容并保存到数据库
[2023/12/22 12:05:15][INFO][noval_chapter.task][28] 判断有无小说内容并保存到数据库
[2023/12/22 12:06:24][INFO][noval_chapter.task][28] 判断有无小说内容并保存到数据库
[2023/12/22 12:07:33][INFO][noval_chapter.task][28] 判断有无小说内容并保存到数据库
[2023/12/22 12:08:42][INFO][noval_chapter.task][28] 判断有无小说内容并保存到数据库
[2023/12/22 12:09:50][INFO][noval_chapter.task][28] 判断有无小说内容并保存到数据库
[2023/12/22 12:10:59][INFO][noval_chapter.task][28] 判断有无小说内容并保存到数据库
[2023/12/22 12:12:07][INFO][noval_chapter.task][28] 判断有无小说内容并保存到数据库
[2023/12/22 12:13:16][INFO][noval_chapter.task][28] 判断有无小说内容并保存到数据库
[2023/12/22 12:14:25][INFO][noval_chapter.task][28] 判断有无小说内容并保存到数据库
[2023/12/22 12:15:35][INFO][noval_chapter.task][28] 判断有无小说内容并保存到数据库
[2023/12/22 12:16:44][INFO][noval_chapter.task][28] 判断有无小说内容并保存到数据库
[2023/12/22 12:17:52][INFO][noval_chapter.task][28] 判断有无小说内容并保存到数据库
[2023/12/22 12:19:00][INFO][noval_chapter.task][28] 判断有无小说内容并保存到数据库
[2023/12/22 12:20:09][INFO][noval_chapter.task][28] 判断有无小说内容并保存到数据库
[2023/12/22 12:21:18][INFO][noval_chapter.task][28] 判断有无小说内容并保存到数据库
[2023/12/22 12:22:26][INFO][noval_chapter.task][28] 判断有无小说内容并保存到数据库
[2023/12/22 12:23:35][INFO][noval_chapter.task][28] 判断有无小说内容并保存到数据库
[2023/12/22 12:24:44][INFO][noval_chapter.task][28] 判断有无小说内容并保存到数据库
[2023/12/22 12:25:51][INFO][noval_chapter.task][28] 判断有无小说内容并保存到数据库
[2023/12/22 12:27:00][INFO][noval_chapter.task][28] 判断有无小说内容并保存到数据库
[2023/12/22 12:28:08][INFO][noval_chapter.task][28] 判断有无小说内容并保存到数据库
[2023/12/22 12:29:17][INFO][noval_chapter.task][28] 判断有无小说内容并保存到数据库
[2023/12/22 12:30:26][INFO][noval_chapter.task][28] 判断有无小说内容并保存到数据库
[2023/12/22 12:31:35][INFO][noval_chapter.task][28] 判断有无小说内容并保存到数据库
[2023/12/22 12:32:44][INFO][noval_chapter.task][28] 判断有无小说内容并保存到数据库
[2023/12/22 12:33:53][INFO][noval_chapter.task][28] 判断有无小说内容并保存到数据库
[2023/12/22 12:35:03][INFO][noval_chapter.task][28] 判断有无小说内容并保存到数据库
[2023/12/22 12:36:18][INFO][noval_chapter.task][28] 判断有无小说内容并保存到数据库
[2023/12/22 12:37:26][INFO][noval_chapter.task][28] 判断有无小说内容并保存到数据库
[2023/12/22 12:38:35][INFO][noval_chapter.task][28] 判断有无小说内容并保存到数据库
[2023/12/22 12:39:43][INFO][noval_chapter.task][28] 判断有无小说内容并保存到数据库
[2023/12/22 12:40:50][INFO][noval_chapter.task][28] 判断有无小说内容并保存到数据库
[2023/12/22 12:41:59][INFO][noval_chapter.task][28] 判断有无小说内容并保存到数据库
[2023/12/22 12:43:08][INFO][noval_chapter.task][28] 判断有无小说内容并保存到数据库
[2023/12/22 12:44:17][INFO][noval_chapter.task][28] 判断有无小说内容并保存到数据库
[2023/12/22 12:45:25][INFO][noval_chapter.task][28] 判断有无小说内容并保存到数据库
[2023/12/22 12:46:35][INFO][noval_chapter.task][28] 判断有无小说内容并保存到数据库
[2023/12/22 12:47:44][INFO][noval_chapter.task][28] 判断有无小说内容并保存到数据库
[2023/12/22 12:48:52][INFO][noval_chapter.task][28] 判断有无小说内容并保存到数据库
[2023/12/22 12:50:02][INFO][noval_chapter.task][28] 判断有无小说内容并保存到数据库
[2023/12/22 12:51:11][INFO][noval_chapter.task][28] 判断有无小说内容并保存到数据库
[2023/12/22 12:52:20][INFO][noval_chapter.task][28] 判断有无小说内容并保存到数据库
[2023/12/22 12:53:29][INFO][noval_chapter.task][28] 判断有无小说内容并保存到数据库
[2023/12/22 12:54:38][INFO][noval_chapter.task][28] 判断有无小说内容并保存到数据库
[2023/12/22 12:55:47][INFO][noval_chapter.task][28] 判断有无小说内容并保存到数据库
[2023/12/22 12:56:55][INFO][noval_chapter.task][28] 判断有无小说内容并保存到数据库
[2023/12/22 12:58:04][INFO][noval_chapter.task][28] 判断有无小说内容并保存到数据库
[2023/12/22 12:59:13][INFO][noval_chapter.task][28] 判断有无小说内容并保存到数据库
[2023/12/22 13:00:22][INFO][noval_chapter.task][28] 判断有无小说内容并保存到数据库
[2023/12/22 13:01:31][INFO][noval_chapter.task][28] 判断有无小说内容并保存到数据库
[2023/12/22 13:02:39][INFO][noval_chapter.task][28] 判断有无小说内容并保存到数据库
[2023/12/22 13:03:47][INFO][noval_chapter.task][28] 判断有无小说内容并保存到数据库
[2023/12/22 13:04:56][INFO][noval_chapter.task][28] 判断有无小说内容并保存到数据库
[2023/12/22 13:06:04][INFO][noval_chapter.task][28] 判断有无小说内容并保存到数据库
[2023/12/22 13:07:12][INFO][noval_chapter.task][28] 判断有无小说内容并保存到数据库
[2023/12/22 13:08:20][INFO][noval_chapter.task][28] 判断有无小说内容并保存到数据库
[2023/12/22 13:09:29][INFO][noval_chapter.task][28] 判断有无小说内容并保存到数据库
[2023/12/22 13:10:38][INFO][noval_chapter.task][28] 判断有无小说内容并保存到数据库
[2023/12/22 13:12:28][INFO][noval_chapter.task][28] 判断有无小说内容并保存到数据库
[2023/12/22 13:14:44][INFO][noval_chapter.task][28] 判断有无小说内容并保存到数据库
[2023/12/22 13:16:44][INFO][noval_chapter.task][28] 判断有无小说内容并保存到数据库
[2023/12/22 13:18:57][INFO][noval_chapter.task][28] 判断有无小说内容并保存到数据库
[2023/12/22 13:21:02][INFO][noval_chapter.task][28] 判断有无小说内容并保存到数据库
[2023/12/22 13:23:06][INFO][noval_chapter.task][28] 判断有无小说内容并保存到数据库
[2023/12/22 13:25:11][INFO][noval_chapter.task][28] 判断有无小说内容并保存到数据库
[2023/12/22 13:27:23][INFO][noval_chapter.task][28] 判断有无小说内容并保存到数据库
[2023/12/22 13:29:32][INFO][noval_chapter.task][28] 判断有无小说内容并保存到数据库
[2023/12/22 13:31:40][INFO][noval_chapter.task][28] 判断有无小说内容并保存到数据库
[2023/12/22 13:34:42][INFO][noval_chapter.task][28] 判断有无小说内容并保存到数据库
[2023/12/22 13:36:59][INFO][noval_chapter.task][28] 判断有无小说内容并保存到数据库
[2023/12/22 13:39:08][INFO][noval_chapter.task][28] 判断有无小说内容并保存到数据库
[2023/12/22 13:41:24][INFO][noval_chapter.task][28] 判断有无小说内容并保存到数据库
[2023/12/22 13:43:40][INFO][noval_chapter.task][28] 判断有无小说内容并保存到数据库
[2023/12/22 13:46:00][INFO][noval_chapter.task][28] 判断有无小说内容并保存到数据库
[2023/12/22 13:48:20][INFO][noval_chapter.task][28] 判断有无小说内容并保存到数据库
[2023/12/22 13:50:36][INFO][noval_chapter.task][28] 判断有无小说内容并保存到数据库
[2023/12/22 13:52:52][INFO][noval_chapter.task][28] 判断有无小说内容并保存到数据库
[2023/12/22 13:55:00][INFO][noval_chapter.task][28] 判断有无小说内容并保存到数据库
[2023/12/22 13:57:12][INFO][noval_chapter.task][28] 判断有无小说内容并保存到数据库
[2023/12/22 13:59:13][INFO][noval_chapter.task][28] 判断有无小说内容并保存到数据库
[2023/12/22 14:01:19][INFO][noval_chapter.task][28] 判断有无小说内容并保存到数据库
[2023/12/22 14:03:25][INFO][noval_chapter.task][28] 判断有无小说内容并保存到数据库
[2023/12/22 14:04:51][INFO][main.prj][0] C:\Users\20831\Desktop\rpa\novel-rpa\main.prj 运行已结束
