[2023/12/24 10:13:05][INFO][][0] 工作路径已切换到 C:\Users\20831\Desktop\rpa\novel-rpa\
[2023/12/24 10:13:05][INFO][main.prj][0] 流程 main.prj 开始运行
[2023/12/24 10:13:05][INFO][main.prj][0] 进入流程块“小说搜索”
[2023/12/24 10:13:06][INFO][noval_search.task][3] -------开始----------
[2023/12/24 10:13:18][INFO][noval_search.task][9] 对小说名进行搜索并判断是否在小说详情页
[2023/12/24 10:13:18][INFO][noval_search.task][13] 小说详情页直接点击
[2023/12/24 10:13:18][INFO][main.prj][0] 进入流程块“小说章节”
[2023/12/24 10:13:21][INFO][noval_chapter.task][3] 等待页面加载完毕
[2023/12/24 10:13:21][INFO][noval_chapter.task][5] 获取小说章节
[2023/12/24 10:14:28][INFO][noval_chapter.task][29] 判断有无小说内容并保存到数据库
[2023/12/24 10:15:41][INFO][noval_chapter.task][29] 判断有无小说内容并保存到数据库
[2023/12/24 10:16:52][INFO][noval_chapter.task][29] 判断有无小说内容并保存到数据库
[2023/12/24 10:18:05][INFO][noval_chapter.task][29] 判断有无小说内容并保存到数据库
[2023/12/24 10:19:17][INFO][noval_chapter.task][29] 判断有无小说内容并保存到数据库
[2023/12/24 10:20:29][INFO][noval_chapter.task][29] 判断有无小说内容并保存到数据库
[2023/12/24 10:21:41][INFO][noval_chapter.task][29] 判断有无小说内容并保存到数据库
[2023/12/24 10:22:55][INFO][noval_chapter.task][29] 判断有无小说内容并保存到数据库
[2023/12/24 10:24:07][INFO][noval_chapter.task][29] 判断有无小说内容并保存到数据库
[2023/12/24 10:25:20][INFO][noval_chapter.task][29] 判断有无小说内容并保存到数据库
[2023/12/24 10:26:32][INFO][noval_chapter.task][29] 判断有无小说内容并保存到数据库
[2023/12/24 10:27:47][INFO][noval_chapter.task][29] 判断有无小说内容并保存到数据库
[2023/12/24 10:29:00][INFO][noval_chapter.task][29] 判断有无小说内容并保存到数据库
[2023/12/24 10:30:33][INFO][noval_chapter.task][29] 判断有无小说内容并保存到数据库
[2023/12/24 10:31:57][INFO][noval_chapter.task][29] 判断有无小说内容并保存到数据库
[2023/12/24 10:33:09][INFO][noval_chapter.task][29] 判断有无小说内容并保存到数据库
[2023/12/24 10:34:32][INFO][noval_chapter.task][29] 判断有无小说内容并保存到数据库
[2023/12/24 10:35:47][INFO][noval_chapter.task][29] 判断有无小说内容并保存到数据库
[2023/12/24 10:37:00][INFO][noval_chapter.task][29] 判断有无小说内容并保存到数据库
[2023/12/24 10:38:13][INFO][noval_chapter.task][29] 判断有无小说内容并保存到数据库
[2023/12/24 10:39:25][INFO][noval_chapter.task][29] 判断有无小说内容并保存到数据库
[2023/12/24 10:40:38][INFO][noval_chapter.task][29] 判断有无小说内容并保存到数据库
[2023/12/24 10:41:50][INFO][noval_chapter.task][29] 判断有无小说内容并保存到数据库
[2023/12/24 10:43:02][INFO][noval_chapter.task][29] 判断有无小说内容并保存到数据库
[2023/12/24 10:44:15][INFO][noval_chapter.task][29] 判断有无小说内容并保存到数据库
[2023/12/24 10:45:28][INFO][noval_chapter.task][29] 判断有无小说内容并保存到数据库
[2023/12/24 10:46:41][INFO][noval_chapter.task][29] 判断有无小说内容并保存到数据库
[2023/12/24 10:47:53][INFO][noval_chapter.task][29] 判断有无小说内容并保存到数据库
[2023/12/24 10:49:08][INFO][noval_chapter.task][29] 判断有无小说内容并保存到数据库
[2023/12/24 10:50:21][INFO][noval_chapter.task][29] 判断有无小说内容并保存到数据库
[2023/12/24 10:51:34][INFO][noval_chapter.task][29] 判断有无小说内容并保存到数据库
[2023/12/24 10:52:47][INFO][noval_chapter.task][29] 判断有无小说内容并保存到数据库
[2023/12/24 10:54:00][INFO][noval_chapter.task][29] 判断有无小说内容并保存到数据库
[2023/12/24 10:55:13][INFO][noval_chapter.task][29] 判断有无小说内容并保存到数据库
[2023/12/24 10:56:27][INFO][noval_chapter.task][29] 判断有无小说内容并保存到数据库
[2023/12/24 10:57:39][INFO][noval_chapter.task][29] 判断有无小说内容并保存到数据库
[2023/12/24 10:58:53][INFO][noval_chapter.task][29] 判断有无小说内容并保存到数据库
[2023/12/24 11:00:08][INFO][noval_chapter.task][29] 判断有无小说内容并保存到数据库
[2023/12/24 11:01:22][INFO][noval_chapter.task][29] 判断有无小说内容并保存到数据库
[2023/12/24 11:02:36][INFO][noval_chapter.task][29] 判断有无小说内容并保存到数据库
[2023/12/24 11:03:50][INFO][noval_chapter.task][29] 判断有无小说内容并保存到数据库
[2023/12/24 11:05:03][INFO][noval_chapter.task][29] 判断有无小说内容并保存到数据库
[2023/12/24 11:06:17][INFO][noval_chapter.task][29] 判断有无小说内容并保存到数据库
[2023/12/24 11:07:32][INFO][noval_chapter.task][29] 判断有无小说内容并保存到数据库
[2023/12/24 11:08:46][INFO][noval_chapter.task][29] 判断有无小说内容并保存到数据库
[2023/12/24 11:10:17][INFO][noval_chapter.task][29] 判断有无小说内容并保存到数据库
[2023/12/24 11:11:29][INFO][noval_chapter.task][29] 判断有无小说内容并保存到数据库
[2023/12/24 11:12:41][INFO][noval_chapter.task][29] 判断有无小说内容并保存到数据库
[2023/12/24 11:14:40][INFO][noval_chapter.task][29] 判断有无小说内容并保存到数据库
[2023/12/24 11:15:53][INFO][noval_chapter.task][29] 判断有无小说内容并保存到数据库
[2023/12/24 11:16:54][INFO][noval_chapter.task][29] 判断有无小说内容并保存到数据库
[2023/12/24 11:16:59][INFO][main.prj][0] C:\Users\20831\Desktop\rpa\novel-rpa\main.prj 运行已结束
