[2023/12/22 16:43:51][INFO][][0] 工作路径已切换到 C:\Users\20831\Desktop\rpa\novel-rpa\
[2023/12/22 16:43:51][INFO][main.prj][0] 流程 main.prj 开始运行
[2023/12/22 16:43:51][INFO][main.prj][0] 进入流程块“小说搜索”
[2023/12/22 16:43:51][INFO][noval_search.task][3] -------开始----------
[2023/12/22 16:44:02][INFO][noval_search.task][9] 对小说名进行搜索并判断是否在小说详情页
[2023/12/22 16:44:04][INFO][noval_search.task][28] 小说列表页先进行名称判断然后进行页面访问
[2023/12/22 16:44:04][INFO][main.prj][0] 进入流程块“小说章节”
[2023/12/22 16:44:06][INFO][noval_chapter.task][3] 等待页面加载完毕
[2023/12/22 16:44:06][INFO][noval_chapter.task][5] 获取小说章节
[2023/12/22 16:45:12][INFO][noval_chapter.task][29] 判断有无小说内容并保存到数据库
[2023/12/22 16:46:19][INFO][noval_chapter.task][29] 判断有无小说内容并保存到数据库
[2023/12/22 16:47:26][INFO][noval_chapter.task][29] 判断有无小说内容并保存到数据库
[2023/12/22 16:48:32][INFO][noval_chapter.task][29] 判断有无小说内容并保存到数据库
[2023/12/22 16:49:38][INFO][noval_chapter.task][29] 判断有无小说内容并保存到数据库
[2023/12/22 16:50:48][INFO][noval_chapter.task][29] 判断有无小说内容并保存到数据库
[2023/12/22 16:51:56][INFO][noval_chapter.task][29] 判断有无小说内容并保存到数据库
[2023/12/22 16:53:04][INFO][noval_chapter.task][29] 判断有无小说内容并保存到数据库
[2023/12/22 16:54:13][INFO][noval_chapter.task][29] 判断有无小说内容并保存到数据库
[2023/12/22 16:55:27][INFO][noval_chapter.task][29] 判断有无小说内容并保存到数据库
[2023/12/22 16:56:36][INFO][noval_chapter.task][29] 判断有无小说内容并保存到数据库
[2023/12/22 16:57:44][INFO][noval_chapter.task][29] 判断有无小说内容并保存到数据库
[2023/12/22 16:58:53][INFO][noval_chapter.task][29] 判断有无小说内容并保存到数据库
[2023/12/22 17:00:02][INFO][noval_chapter.task][29] 判断有无小说内容并保存到数据库
[2023/12/22 17:01:11][INFO][noval_chapter.task][29] 判断有无小说内容并保存到数据库
[2023/12/22 17:02:19][INFO][noval_chapter.task][29] 判断有无小说内容并保存到数据库
[2023/12/22 17:03:28][INFO][noval_chapter.task][29] 判断有无小说内容并保存到数据库
[2023/12/22 17:04:37][INFO][noval_chapter.task][29] 判断有无小说内容并保存到数据库
[2023/12/22 17:05:46][INFO][noval_chapter.task][29] 判断有无小说内容并保存到数据库
[2023/12/22 17:06:55][INFO][noval_chapter.task][29] 判断有无小说内容并保存到数据库
[2023/12/22 17:08:04][INFO][noval_chapter.task][29] 判断有无小说内容并保存到数据库
[2023/12/22 17:09:13][INFO][noval_chapter.task][29] 判断有无小说内容并保存到数据库
[2023/12/22 17:10:22][INFO][noval_chapter.task][29] 判断有无小说内容并保存到数据库
[2023/12/22 17:11:31][INFO][noval_chapter.task][29] 判断有无小说内容并保存到数据库
[2023/12/22 17:12:40][INFO][noval_chapter.task][29] 判断有无小说内容并保存到数据库
[2023/12/22 17:13:48][INFO][noval_chapter.task][29] 判断有无小说内容并保存到数据库
[2023/12/22 17:14:58][INFO][noval_chapter.task][29] 判断有无小说内容并保存到数据库
[2023/12/22 17:16:06][INFO][noval_chapter.task][29] 判断有无小说内容并保存到数据库
[2023/12/22 17:17:52][INFO][noval_chapter.task][29] 判断有无小说内容并保存到数据库
[2023/12/22 17:20:08][INFO][noval_chapter.task][29] 判断有无小说内容并保存到数据库
[2023/12/22 17:22:21][INFO][noval_chapter.task][29] 判断有无小说内容并保存到数据库
[2023/12/22 17:24:37][INFO][noval_chapter.task][29] 判断有无小说内容并保存到数据库
[2023/12/22 17:26:49][INFO][noval_chapter.task][29] 判断有无小说内容并保存到数据库
[2023/12/22 17:29:10][INFO][noval_chapter.task][29] 判断有无小说内容并保存到数据库
[2023/12/22 17:31:22][INFO][noval_chapter.task][29] 判断有无小说内容并保存到数据库
[2023/12/22 17:33:35][INFO][noval_chapter.task][29] 判断有无小说内容并保存到数据库
[2023/12/22 17:35:48][INFO][noval_chapter.task][29] 判断有无小说内容并保存到数据库
[2023/12/22 17:37:52][INFO][noval_chapter.task][29] 判断有无小说内容并保存到数据库
[2023/12/22 17:40:12][INFO][noval_chapter.task][29] 判断有无小说内容并保存到数据库
