[2023/12/22 21:11:34][INFO][][0] 工作路径已切换到 C:\Users\20831\Desktop\rpa\novel-rpa\
[2023/12/22 21:11:34][INFO][main.prj][0] 流程 main.prj 开始运行
[2023/12/22 21:11:34][INFO][main.prj][0] 进入流程块“小说搜索”
[2023/12/22 21:11:35][INFO][noval_search.task][3] -------开始----------
[2023/12/22 21:11:49][INFO][noval_search.task][9] 对小说名进行搜索并判断是否在小说详情页
[2023/12/22 21:11:52][INFO][noval_search.task][28] 小说列表页先进行名称判断然后进行页面访问
[2023/12/22 21:11:52][INFO][main.prj][0] 进入流程块“小说章节”
[2023/12/22 21:11:54][INFO][noval_chapter.task][3] 等待页面加载完毕
[2023/12/22 21:11:54][INFO][noval_chapter.task][5] 获取小说章节
[2023/12/22 21:12:59][INFO][noval_chapter.task][29] 判断有无小说内容并保存到数据库
[2023/12/22 21:14:11][INFO][noval_chapter.task][29] 判断有无小说内容并保存到数据库
[2023/12/22 21:15:23][INFO][noval_chapter.task][29] 判断有无小说内容并保存到数据库
[2023/12/22 21:16:33][INFO][noval_chapter.task][29] 判断有无小说内容并保存到数据库
[2023/12/22 21:17:47][INFO][noval_chapter.task][29] 判断有无小说内容并保存到数据库
[2023/12/22 21:19:00][INFO][noval_chapter.task][29] 判断有无小说内容并保存到数据库
[2023/12/22 21:20:15][INFO][noval_chapter.task][29] 判断有无小说内容并保存到数据库
[2023/12/22 21:21:28][INFO][noval_chapter.task][29] 判断有无小说内容并保存到数据库
[2023/12/22 21:22:46][INFO][noval_chapter.task][29] 判断有无小说内容并保存到数据库
[2023/12/22 21:24:00][INFO][noval_chapter.task][29] 判断有无小说内容并保存到数据库
[2023/12/22 21:25:14][INFO][noval_chapter.task][29] 判断有无小说内容并保存到数据库
[2023/12/22 21:26:29][INFO][noval_chapter.task][29] 判断有无小说内容并保存到数据库
[2023/12/22 21:27:42][INFO][noval_chapter.task][29] 判断有无小说内容并保存到数据库
[2023/12/22 21:28:57][INFO][noval_chapter.task][29] 判断有无小说内容并保存到数据库
[2023/12/22 21:30:14][INFO][noval_chapter.task][29] 判断有无小说内容并保存到数据库
[2023/12/22 21:31:26][INFO][noval_chapter.task][29] 判断有无小说内容并保存到数据库
[2023/12/22 21:32:40][INFO][noval_chapter.task][29] 判断有无小说内容并保存到数据库
[2023/12/22 21:33:53][INFO][noval_chapter.task][29] 判断有无小说内容并保存到数据库
[2023/12/22 21:35:06][INFO][noval_chapter.task][29] 判断有无小说内容并保存到数据库
[2023/12/22 21:36:21][INFO][noval_chapter.task][29] 判断有无小说内容并保存到数据库
[2023/12/22 21:37:38][INFO][noval_chapter.task][29] 判断有无小说内容并保存到数据库
[2023/12/22 21:38:52][INFO][noval_chapter.task][29] 判断有无小说内容并保存到数据库
[2023/12/22 21:40:06][INFO][noval_chapter.task][29] 判断有无小说内容并保存到数据库
[2023/12/22 21:41:22][INFO][noval_chapter.task][29] 判断有无小说内容并保存到数据库
[2023/12/22 21:42:35][INFO][noval_chapter.task][29] 判断有无小说内容并保存到数据库
[2023/12/22 21:43:50][INFO][noval_chapter.task][29] 判断有无小说内容并保存到数据库
[2023/12/22 21:45:04][INFO][noval_chapter.task][29] 判断有无小说内容并保存到数据库
[2023/12/22 21:46:16][INFO][noval_chapter.task][29] 判断有无小说内容并保存到数据库
[2023/12/22 21:47:31][INFO][noval_chapter.task][29] 判断有无小说内容并保存到数据库
[2023/12/22 21:48:44][INFO][noval_chapter.task][29] 判断有无小说内容并保存到数据库
[2023/12/22 21:49:58][INFO][noval_chapter.task][29] 判断有无小说内容并保存到数据库
[2023/12/22 21:51:12][INFO][noval_chapter.task][29] 判断有无小说内容并保存到数据库
[2023/12/22 21:52:26][INFO][noval_chapter.task][29] 判断有无小说内容并保存到数据库
[2023/12/22 21:53:40][INFO][noval_chapter.task][29] 判断有无小说内容并保存到数据库
[2023/12/22 21:54:54][INFO][noval_chapter.task][29] 判断有无小说内容并保存到数据库
[2023/12/22 21:56:07][INFO][noval_chapter.task][29] 判断有无小说内容并保存到数据库
[2023/12/22 21:57:20][INFO][noval_chapter.task][29] 判断有无小说内容并保存到数据库
[2023/12/22 21:58:34][INFO][noval_chapter.task][29] 判断有无小说内容并保存到数据库
[2023/12/22 21:59:49][INFO][noval_chapter.task][29] 判断有无小说内容并保存到数据库
[2023/12/22 22:01:01][INFO][noval_chapter.task][29] 判断有无小说内容并保存到数据库
[2023/12/22 22:02:15][INFO][noval_chapter.task][29] 判断有无小说内容并保存到数据库
[2023/12/22 22:03:29][INFO][noval_chapter.task][29] 判断有无小说内容并保存到数据库
[2023/12/22 22:04:42][INFO][noval_chapter.task][29] 判断有无小说内容并保存到数据库
[2023/12/22 22:05:57][INFO][noval_chapter.task][29] 判断有无小说内容并保存到数据库
[2023/12/22 22:07:10][INFO][noval_chapter.task][29] 判断有无小说内容并保存到数据库
[2023/12/22 22:08:24][INFO][noval_chapter.task][29] 判断有无小说内容并保存到数据库
[2023/12/22 22:09:37][INFO][noval_chapter.task][29] 判断有无小说内容并保存到数据库
[2023/12/22 22:10:51][INFO][noval_chapter.task][29] 判断有无小说内容并保存到数据库
[2023/12/22 22:12:04][INFO][noval_chapter.task][29] 判断有无小说内容并保存到数据库
[2023/12/22 22:13:17][INFO][noval_chapter.task][29] 判断有无小说内容并保存到数据库
[2023/12/22 22:14:32][INFO][noval_chapter.task][29] 判断有无小说内容并保存到数据库
[2023/12/22 22:15:45][INFO][noval_chapter.task][29] 判断有无小说内容并保存到数据库
[2023/12/22 22:16:59][INFO][noval_chapter.task][29] 判断有无小说内容并保存到数据库
[2023/12/22 22:18:12][INFO][noval_chapter.task][29] 判断有无小说内容并保存到数据库
[2023/12/22 22:19:25][INFO][noval_chapter.task][29] 判断有无小说内容并保存到数据库
[2023/12/22 22:20:39][INFO][noval_chapter.task][29] 判断有无小说内容并保存到数据库
[2023/12/22 22:21:53][INFO][noval_chapter.task][29] 判断有无小说内容并保存到数据库
[2023/12/22 22:23:06][INFO][noval_chapter.task][29] 判断有无小说内容并保存到数据库
[2023/12/22 22:24:20][INFO][noval_chapter.task][29] 判断有无小说内容并保存到数据库
[2023/12/22 22:25:34][INFO][noval_chapter.task][29] 判断有无小说内容并保存到数据库
[2023/12/22 22:26:48][INFO][noval_chapter.task][29] 判断有无小说内容并保存到数据库
[2023/12/22 22:28:02][INFO][noval_chapter.task][29] 判断有无小说内容并保存到数据库
[2023/12/22 22:29:15][INFO][noval_chapter.task][29] 判断有无小说内容并保存到数据库
[2023/12/22 22:30:29][INFO][noval_chapter.task][29] 判断有无小说内容并保存到数据库
[2023/12/22 22:31:42][INFO][noval_chapter.task][29] 判断有无小说内容并保存到数据库
[2023/12/22 22:32:56][INFO][noval_chapter.task][29] 判断有无小说内容并保存到数据库
[2023/12/22 22:34:09][INFO][noval_chapter.task][29] 判断有无小说内容并保存到数据库
[2023/12/22 22:35:49][INFO][noval_chapter.task][29] 判断有无小说内容并保存到数据库
[2023/12/22 22:38:09][INFO][noval_chapter.task][29] 判断有无小说内容并保存到数据库
[2023/12/22 22:40:38][INFO][noval_chapter.task][29] 判断有无小说内容并保存到数据库
[2023/12/22 22:42:59][INFO][noval_chapter.task][29] 判断有无小说内容并保存到数据库
[2023/12/22 22:45:13][INFO][noval_chapter.task][29] 判断有无小说内容并保存到数据库
[2023/12/22 22:47:32][INFO][noval_chapter.task][29] 判断有无小说内容并保存到数据库
[2023/12/22 22:49:46][INFO][noval_chapter.task][29] 判断有无小说内容并保存到数据库
[2023/12/22 22:51:51][INFO][noval_chapter.task][29] 判断有无小说内容并保存到数据库
[2023/12/22 22:54:08][INFO][noval_chapter.task][29] 判断有无小说内容并保存到数据库
[2023/12/22 22:56:33][INFO][noval_chapter.task][29] 判断有无小说内容并保存到数据库
[2023/12/22 22:58:55][INFO][noval_chapter.task][29] 判断有无小说内容并保存到数据库
[2023/12/22 23:01:20][INFO][noval_chapter.task][29] 判断有无小说内容并保存到数据库
[2023/12/22 23:03:38][INFO][noval_chapter.task][29] 判断有无小说内容并保存到数据库
[2023/12/22 23:05:51][INFO][noval_chapter.task][29] 判断有无小说内容并保存到数据库
[2023/12/22 23:08:09][INFO][noval_chapter.task][29] 判断有无小说内容并保存到数据库
[2023/12/22 23:10:30][INFO][noval_chapter.task][29] 判断有无小说内容并保存到数据库
[2023/12/22 23:12:44][INFO][noval_chapter.task][29] 判断有无小说内容并保存到数据库
[2023/12/22 23:14:54][INFO][noval_chapter.task][29] 判断有无小说内容并保存到数据库
[2023/12/22 23:17:15][INFO][noval_chapter.task][29] 判断有无小说内容并保存到数据库
[2023/12/22 23:19:33][INFO][noval_chapter.task][29] 判断有无小说内容并保存到数据库
[2023/12/22 23:21:42][INFO][noval_chapter.task][29] 判断有无小说内容并保存到数据库
[2023/12/22 23:24:04][INFO][noval_chapter.task][29] 判断有无小说内容并保存到数据库
[2023/12/22 23:26:10][INFO][noval_chapter.task][29] 判断有无小说内容并保存到数据库
[2023/12/22 23:28:24][INFO][noval_chapter.task][29] 判断有无小说内容并保存到数据库
[2023/12/22 23:29:52][INFO][noval_chapter.task][29] 判断有无小说内容并保存到数据库
[2023/12/22 23:29:57][INFO][main.prj][0] C:\Users\20831\Desktop\rpa\novel-rpa\main.prj 运行已结束
