[2023/12/24 13:39:27][INFO][][0] 工作路径已切换到 C:\Users\20831\Desktop\rpa\novel-rpa\
[2023/12/24 13:39:27][INFO][main.prj][0] 流程 main.prj 开始运行
[2023/12/24 13:39:27][INFO][main.prj][0] 进入流程块“小说搜索”
[2023/12/24 13:39:27][INFO][noval_search.task][3] -------开始----------
[2023/12/24 13:39:36][INFO][noval_search.task][9] 对小说名进行搜索并判断是否在小说详情页
[2023/12/24 13:39:36][INFO][noval_search.task][13] 小说详情页直接点击
[2023/12/24 13:39:36][INFO][main.prj][0] 进入流程块“小说章节”
[2023/12/24 13:39:39][INFO][noval_chapter.task][3] 等待页面加载完毕
[2023/12/24 13:39:39][INFO][noval_chapter.task][5] 获取小说章节
[2023/12/24 13:40:43][INFO][noval_chapter.task][29] 判断有无小说内容并保存到数据库
[2023/12/24 13:41:53][INFO][noval_chapter.task][29] 判断有无小说内容并保存到数据库
[2023/12/24 13:43:04][INFO][noval_chapter.task][29] 判断有无小说内容并保存到数据库
[2023/12/24 13:44:14][INFO][noval_chapter.task][29] 判断有无小说内容并保存到数据库
[2023/12/24 13:45:25][INFO][noval_chapter.task][29] 判断有无小说内容并保存到数据库
[2023/12/24 13:46:38][INFO][noval_chapter.task][29] 判断有无小说内容并保存到数据库
[2023/12/24 13:47:50][INFO][noval_chapter.task][29] 判断有无小说内容并保存到数据库
[2023/12/24 13:49:04][INFO][noval_chapter.task][29] 判断有无小说内容并保存到数据库
[2023/12/24 13:50:18][INFO][noval_chapter.task][29] 判断有无小说内容并保存到数据库
[2023/12/24 13:51:32][INFO][noval_chapter.task][29] 判断有无小说内容并保存到数据库
[2023/12/24 13:52:45][INFO][noval_chapter.task][29] 判断有无小说内容并保存到数据库
[2023/12/24 13:53:59][INFO][noval_chapter.task][29] 判断有无小说内容并保存到数据库
[2023/12/24 13:55:13][INFO][noval_chapter.task][29] 判断有无小说内容并保存到数据库
[2023/12/24 13:56:26][INFO][noval_chapter.task][29] 判断有无小说内容并保存到数据库
[2023/12/24 13:57:40][INFO][noval_chapter.task][29] 判断有无小说内容并保存到数据库
[2023/12/24 13:58:54][INFO][noval_chapter.task][29] 判断有无小说内容并保存到数据库
[2023/12/24 14:00:09][INFO][noval_chapter.task][29] 判断有无小说内容并保存到数据库
[2023/12/24 14:01:24][INFO][noval_chapter.task][29] 判断有无小说内容并保存到数据库
[2023/12/24 14:02:38][INFO][noval_chapter.task][29] 判断有无小说内容并保存到数据库
[2023/12/24 14:03:51][INFO][noval_chapter.task][29] 判断有无小说内容并保存到数据库
[2023/12/24 14:05:03][INFO][noval_chapter.task][29] 判断有无小说内容并保存到数据库
[2023/12/24 14:06:20][INFO][noval_chapter.task][29] 判断有无小说内容并保存到数据库
[2023/12/24 14:07:35][INFO][noval_chapter.task][29] 判断有无小说内容并保存到数据库
[2023/12/24 14:08:47][INFO][noval_chapter.task][29] 判断有无小说内容并保存到数据库
[2023/12/24 14:10:03][INFO][noval_chapter.task][29] 判断有无小说内容并保存到数据库
[2023/12/24 14:11:21][INFO][noval_chapter.task][29] 判断有无小说内容并保存到数据库
[2023/12/24 14:12:34][INFO][noval_chapter.task][29] 判断有无小说内容并保存到数据库
[2023/12/24 14:13:48][INFO][noval_chapter.task][29] 判断有无小说内容并保存到数据库
[2023/12/24 14:15:02][INFO][noval_chapter.task][29] 判断有无小说内容并保存到数据库
[2023/12/24 14:16:16][INFO][noval_chapter.task][29] 判断有无小说内容并保存到数据库
[2023/12/24 14:17:30][INFO][noval_chapter.task][29] 判断有无小说内容并保存到数据库
[2023/12/24 14:18:44][INFO][noval_chapter.task][29] 判断有无小说内容并保存到数据库
[2023/12/24 14:19:57][INFO][noval_chapter.task][29] 判断有无小说内容并保存到数据库
[2023/12/24 14:21:11][INFO][noval_chapter.task][29] 判断有无小说内容并保存到数据库
[2023/12/24 14:22:27][INFO][noval_chapter.task][29] 判断有无小说内容并保存到数据库
[2023/12/24 14:23:41][INFO][noval_chapter.task][29] 判断有无小说内容并保存到数据库
[2023/12/24 14:24:54][INFO][noval_chapter.task][29] 判断有无小说内容并保存到数据库
[2023/12/24 14:26:08][INFO][noval_chapter.task][29] 判断有无小说内容并保存到数据库
[2023/12/24 14:27:24][INFO][noval_chapter.task][29] 判断有无小说内容并保存到数据库
[2023/12/24 14:28:39][INFO][noval_chapter.task][29] 判断有无小说内容并保存到数据库
[2023/12/24 14:29:54][INFO][noval_chapter.task][29] 判断有无小说内容并保存到数据库
[2023/12/24 14:31:07][INFO][noval_chapter.task][29] 判断有无小说内容并保存到数据库
[2023/12/24 14:32:21][INFO][noval_chapter.task][29] 判断有无小说内容并保存到数据库
[2023/12/24 14:33:35][INFO][noval_chapter.task][29] 判断有无小说内容并保存到数据库
[2023/12/24 14:34:48][INFO][noval_chapter.task][29] 判断有无小说内容并保存到数据库
[2023/12/24 14:36:01][INFO][noval_chapter.task][29] 判断有无小说内容并保存到数据库
[2023/12/24 14:37:14][INFO][noval_chapter.task][29] 判断有无小说内容并保存到数据库
[2023/12/24 14:38:28][INFO][noval_chapter.task][29] 判断有无小说内容并保存到数据库
[2023/12/24 14:38:33][INFO][main.prj][0] 进入流程块“小说结束”
[2023/12/24 14:38:33][INFO][main.prj][0] C:\Users\20831\Desktop\rpa\novel-rpa\main.prj 运行已结束
