[2023/12/22 9:50:32][INFO][][0] 工作路径已切换到 C:\Users\20831\Desktop\rpa\novel-rpa\
[2023/12/22 9:50:32][INFO][main.prj][0] 流程 main.prj 开始运行
[2023/12/22 9:50:32][INFO][main.prj][0] 进入流程块“小说搜索”
[2023/12/22 9:50:33][INFO][noval_search.task][3] -------开始----------
[2023/12/22 9:50:45][INFO][noval_search.task][9] 对小说名进行搜索并判断是否在小说详情页
[2023/12/22 9:50:48][INFO][noval_search.task][28] 小说列表页先进行名称判断然后进行页面访问
[2023/12/22 9:50:48][INFO][main.prj][0] 进入流程块“小说章节”
[2023/12/22 9:50:50][INFO][noval_chapter.task][3] 等待页面加载完毕
[2023/12/22 9:50:50][INFO][noval_chapter.task][5] 获取小说章节
[2023/12/22 9:51:46][INFO][noval_chapter.task][19] 判断有无小说内容并保存到数据库
[2023/12/22 9:52:43][INFO][noval_chapter.task][19] 判断有无小说内容并保存到数据库
[2023/12/22 9:53:39][INFO][noval_chapter.task][19] 判断有无小说内容并保存到数据库
[2023/12/22 9:54:35][INFO][noval_chapter.task][19] 判断有无小说内容并保存到数据库
[2023/12/22 9:55:32][INFO][noval_chapter.task][19] 判断有无小说内容并保存到数据库
[2023/12/22 9:56:31][INFO][noval_chapter.task][19] 判断有无小说内容并保存到数据库
[2023/12/22 9:57:30][INFO][noval_chapter.task][19] 判断有无小说内容并保存到数据库
[2023/12/22 9:58:28][INFO][noval_chapter.task][19] 判断有无小说内容并保存到数据库
[2023/12/22 9:59:27][INFO][noval_chapter.task][19] 判断有无小说内容并保存到数据库
[2023/12/22 10:00:27][INFO][noval_chapter.task][19] 判断有无小说内容并保存到数据库
[2023/12/22 10:01:28][INFO][noval_chapter.task][19] 判断有无小说内容并保存到数据库
[2023/12/22 10:02:26][INFO][noval_chapter.task][19] 判断有无小说内容并保存到数据库
[2023/12/22 10:03:25][INFO][noval_chapter.task][19] 判断有无小说内容并保存到数据库
[2023/12/22 10:04:23][INFO][noval_chapter.task][19] 判断有无小说内容并保存到数据库
[2023/12/22 10:05:21][INFO][noval_chapter.task][19] 判断有无小说内容并保存到数据库
[2023/12/22 10:06:20][INFO][noval_chapter.task][19] 判断有无小说内容并保存到数据库
[2023/12/22 10:07:19][INFO][noval_chapter.task][19] 判断有无小说内容并保存到数据库
[2023/12/22 10:08:18][INFO][noval_chapter.task][19] 判断有无小说内容并保存到数据库
[2023/12/22 10:09:16][INFO][noval_chapter.task][19] 判断有无小说内容并保存到数据库
[2023/12/22 10:10:16][INFO][noval_chapter.task][19] 判断有无小说内容并保存到数据库
[2023/12/22 10:11:14][INFO][noval_chapter.task][19] 判断有无小说内容并保存到数据库
[2023/12/22 10:12:12][INFO][noval_chapter.task][19] 判断有无小说内容并保存到数据库
[2023/12/22 10:13:10][INFO][noval_chapter.task][19] 判断有无小说内容并保存到数据库
[2023/12/22 10:14:09][INFO][noval_chapter.task][19] 判断有无小说内容并保存到数据库
[2023/12/22 10:15:10][INFO][noval_chapter.task][19] 判断有无小说内容并保存到数据库
[2023/12/22 10:16:08][INFO][noval_chapter.task][19] 判断有无小说内容并保存到数据库
[2023/12/22 10:17:06][INFO][noval_chapter.task][19] 判断有无小说内容并保存到数据库
[2023/12/22 10:18:05][INFO][noval_chapter.task][19] 判断有无小说内容并保存到数据库
[2023/12/22 10:19:04][INFO][noval_chapter.task][19] 判断有无小说内容并保存到数据库
[2023/12/22 10:20:03][INFO][noval_chapter.task][19] 判断有无小说内容并保存到数据库
[2023/12/22 10:21:01][INFO][noval_chapter.task][19] 判断有无小说内容并保存到数据库
[2023/12/22 10:21:59][INFO][noval_chapter.task][19] 判断有无小说内容并保存到数据库
[2023/12/22 10:22:58][INFO][noval_chapter.task][19] 判断有无小说内容并保存到数据库
[2023/12/22 10:23:56][INFO][noval_chapter.task][19] 判断有无小说内容并保存到数据库
[2023/12/22 10:24:55][INFO][noval_chapter.task][19] 判断有无小说内容并保存到数据库
[2023/12/22 10:25:53][INFO][noval_chapter.task][19] 判断有无小说内容并保存到数据库
[2023/12/22 10:26:52][INFO][noval_chapter.task][19] 判断有无小说内容并保存到数据库
[2023/12/22 10:27:50][INFO][noval_chapter.task][19] 判断有无小说内容并保存到数据库
[2023/12/22 10:28:50][INFO][noval_chapter.task][19] 判断有无小说内容并保存到数据库
[2023/12/22 10:29:48][INFO][noval_chapter.task][19] 判断有无小说内容并保存到数据库
[2023/12/22 10:30:46][INFO][noval_chapter.task][19] 判断有无小说内容并保存到数据库
[2023/12/22 10:31:44][INFO][noval_chapter.task][19] 判断有无小说内容并保存到数据库
[2023/12/22 10:32:43][INFO][noval_chapter.task][19] 判断有无小说内容并保存到数据库
[2023/12/22 10:33:41][INFO][noval_chapter.task][19] 判断有无小说内容并保存到数据库
[2023/12/22 10:34:39][INFO][noval_chapter.task][19] 判断有无小说内容并保存到数据库
[2023/12/22 10:35:38][INFO][noval_chapter.task][19] 判断有无小说内容并保存到数据库
[2023/12/22 10:36:36][INFO][noval_chapter.task][19] 判断有无小说内容并保存到数据库
[2023/12/22 10:37:34][INFO][noval_chapter.task][19] 判断有无小说内容并保存到数据库
[2023/12/22 10:38:32][INFO][noval_chapter.task][19] 判断有无小说内容并保存到数据库
[2023/12/22 10:39:30][INFO][noval_chapter.task][19] 判断有无小说内容并保存到数据库
[2023/12/22 10:40:28][INFO][noval_chapter.task][19] 判断有无小说内容并保存到数据库
[2023/12/22 10:41:26][INFO][noval_chapter.task][19] 判断有无小说内容并保存到数据库
[2023/12/22 10:42:24][INFO][noval_chapter.task][19] 判断有无小说内容并保存到数据库
[2023/12/22 10:43:22][INFO][noval_chapter.task][19] 判断有无小说内容并保存到数据库
[2023/12/22 10:44:20][INFO][noval_chapter.task][19] 判断有无小说内容并保存到数据库
[2023/12/22 10:45:18][INFO][noval_chapter.task][19] 判断有无小说内容并保存到数据库
[2023/12/22 10:46:16][INFO][noval_chapter.task][19] 判断有无小说内容并保存到数据库
[2023/12/22 10:47:14][INFO][noval_chapter.task][19] 判断有无小说内容并保存到数据库
[2023/12/22 10:48:12][INFO][noval_chapter.task][19] 判断有无小说内容并保存到数据库
[2023/12/22 10:49:10][INFO][noval_chapter.task][19] 判断有无小说内容并保存到数据库
[2023/12/22 10:50:08][INFO][noval_chapter.task][19] 判断有无小说内容并保存到数据库
[2023/12/22 10:51:05][INFO][noval_chapter.task][19] 判断有无小说内容并保存到数据库
[2023/12/22 10:52:04][INFO][noval_chapter.task][19] 判断有无小说内容并保存到数据库
[2023/12/22 10:53:03][INFO][noval_chapter.task][19] 判断有无小说内容并保存到数据库
[2023/12/22 10:54:01][INFO][noval_chapter.task][19] 判断有无小说内容并保存到数据库
[2023/12/22 10:54:59][INFO][noval_chapter.task][19] 判断有无小说内容并保存到数据库
[2023/12/22 10:55:57][INFO][noval_chapter.task][19] 判断有无小说内容并保存到数据库
[2023/12/22 10:59:57][INFO][noval_chapter.task][19] 判断有无小说内容并保存到数据库
[2023/12/22 11:06:25][INFO][noval_chapter.task][19] 判断有无小说内容并保存到数据库
[2023/12/22 11:14:57][INFO][noval_chapter.task][19] 判断有无小说内容并保存到数据库
[2023/12/22 11:24:15][INFO][noval_chapter.task][19] 判断有无小说内容并保存到数据库
[2023/12/22 11:26:28][INFO][main.prj][0] C:\Users\20831\Desktop\rpa\novel-rpa\main.prj 运行已结束
